#
# There is insufficient memory for the Java Runtime Environment to continue.
# Native memory allocation (malloc) failed to allocate 1057952 bytes. Error detail: Chunk::new
# Possible reasons:
#   The system is out of physical RAM or swap space
#   This process is running with CompressedOops enabled, and the Java Heap may be blocking the growth of the native heap
# Possible solutions:
#   Reduce memory load on the system
#   Increase physical memory or swap space
#   Check if swap backing store is full
#   Decrease Java heap size (-Xmx/-Xms)
#   Decrease number of Java threads
#   Decrease Java thread stack sizes (-Xss)
#   Set larger code cache with -XX:ReservedCodeCacheSize=
#   JVM is running with Zero Based Compressed Oops mode in which the Java heap is
#     placed in the first 32GB address space. The Java Heap base address is the
#     maximum limit for the native heap growth. Please use -XX:HeapBaseMinAddress
#     to set the Java Heap base and to place the Java Heap above 32GB virtual address.
# This output file may be truncated or incomplete.
#
#  Out of Memory Error (arena.cpp:191), pid=1056, tid=4880
#
# JRE version: OpenJDK Runtime Environment Temurin-17.0.15+6 (17.0.15+6) (build 17.0.15+6)
# Java VM: OpenJDK 64-Bit Server VM Temurin-17.0.15+6 (17.0.15+6, mixed mode, sharing, tiered, compressed oops, compressed class ptrs, g1 gc, windows-amd64)
# No core dump will be written. Minidumps are not enabled by default on client versions of Windows
#

---------------  S U M M A R Y ------------

Command Line: --module-path=C:\Users\bennouis\Downloads\openjfx-17.0.15_windows-x64_bin-sdk\javafx-sdk-17.0.15\lib --add-modules=javafx.controls,javafx.fxml -javaagent:C:\Program Files\JetBrains\IntelliJ IDEA 2025.1.1.1\lib\idea_rt.jar=63571 -Dfile.encoding=UTF-8 com.gestionnotes.MainApp

Host: Intel(R) Core(TM) i5-7200U CPU @ 2.50GHz, 4 cores, 15G,  Windows 11 , 64 bit Build 22621 (10.0.22621.5262)
Time: Thu Jun 26 19:17:40 2025 Maroc (heure d64 bit Build 22621 (10.0.22621.5262) elapsed time: 1511.709217 seconds (0d 0h 25m 11s)

---------------  T H R E A D  ---------------

Current thread (0x00000113cd6b38e0):  JavaThread "C2 CompilerThread0" daemon [_thread_in_native, id=4880, stack(0x0000000b15e00000,0x0000000b15f00000)]


Current CompileTask:
C2:1511709 6903   !   4       java.io.ObjectInputStream::readSerialData (549 bytes)

Stack: [0x0000000b15e00000,0x0000000b15f00000]
Native frames: (J=compiled Java code, j=interpreted, Vv=VM code, C=native code)
V  [jvm.dll+0x682fc9]
V  [jvm.dll+0x839878]
V  [jvm.dll+0x83b323]
V  [jvm.dll+0x83b993]
V  [jvm.dll+0x24725f]
V  [jvm.dll+0xacea4]
V  [jvm.dll+0xad53c]
V  [jvm.dll+0x365c6e]
V  [jvm.dll+0x32fe58]
V  [jvm.dll+0x32f2da]
V  [jvm.dll+0x21824f]
V  [jvm.dll+0x21768f]
V  [jvm.dll+0x1a31b0]
V  [jvm.dll+0x227a9c]
V  [jvm.dll+0x225bfb]
V  [jvm.dll+0x7ef018]
V  [jvm.dll+0x7e94dc]
V  [jvm.dll+0x681ea7]
C  [ucrtbase.dll+0x29333]
C  [KERNEL32.DLL+0x1259d]
C  [ntdll.dll+0x5af58]


---------------  P R O C E S S  ---------------

Threads class SMR info:
_java_thread_list=0x00000113cdbd2280, length=26, elements={
0x00000113a902ace0, 0x00000113cd69c870, 0x00000113cd69d6f0, 0x00000113cd6aebf0,
0x00000113cd6af7b0, 0x00000113cd6b2180, 0x00000113cd6b2b40, 0x00000113cd6b38e0,
0x00000113cd854600, 0x00000113cd8572d0, 0x00000113cd67ed50, 0x0000011413bdf500,
0x0000011413bdf9e0, 0x0000011413e29bf0, 0x00000114134dc080, 0x0000011413455800,
0x0000011413456970, 0x0000011413e2a1a0, 0x0000011413e2abc0, 0x0000011413e2a6b0,
0x0000011413e2b0d0, 0x0000011413e2b5e0, 0x000001141415d070, 0x00000114141649f0,
0x000001141415e9c0, 0x0000011414160820
}

Java Threads: ( => current thread )
  0x00000113a902ace0 JavaThread "main" [_thread_blocked, id=11524, stack(0x0000000b15100000,0x0000000b15200000)]
  0x00000113cd69c870 JavaThread "Reference Handler" daemon [_thread_blocked, id=21296, stack(0x0000000b15800000,0x0000000b15900000)]
  0x00000113cd69d6f0 JavaThread "Finalizer" daemon [_thread_blocked, id=11312, stack(0x0000000b15900000,0x0000000b15a00000)]
  0x00000113cd6aebf0 JavaThread "Signal Dispatcher" daemon [_thread_blocked, id=18268, stack(0x0000000b15a00000,0x0000000b15b00000)]
  0x00000113cd6af7b0 JavaThread "Attach Listener" daemon [_thread_blocked, id=17948, stack(0x0000000b15b00000,0x0000000b15c00000)]
  0x00000113cd6b2180 JavaThread "Service Thread" daemon [_thread_blocked, id=14340, stack(0x0000000b15c00000,0x0000000b15d00000)]
  0x00000113cd6b2b40 JavaThread "Monitor Deflation Thread" daemon [_thread_blocked, id=232, stack(0x0000000b15d00000,0x0000000b15e00000)]
=>0x00000113cd6b38e0 JavaThread "C2 CompilerThread0" daemon [_thread_in_native, id=4880, stack(0x0000000b15e00000,0x0000000b15f00000)]
  0x00000113cd854600 JavaThread "C1 CompilerThread0" daemon [_thread_blocked, id=8284, stack(0x0000000b15f00000,0x0000000b16000000)]
  0x00000113cd8572d0 JavaThread "Sweeper thread" daemon [_thread_blocked, id=260, stack(0x0000000b16000000,0x0000000b16100000)]
  0x00000113cd67ed50 JavaThread "Common-Cleaner" daemon [_thread_blocked, id=20296, stack(0x0000000b16100000,0x0000000b16200000)]
  0x0000011413bdf500 JavaThread "Monitor Ctrl-Break" daemon [_thread_in_native, id=8324, stack(0x0000000b16400000,0x0000000b16500000)]
  0x0000011413bdf9e0 JavaThread "Notification Thread" daemon [_thread_blocked, id=3684, stack(0x0000000b16500000,0x0000000b16600000)]
  0x0000011413e29bf0 JavaThread "RMI TCP Accept-0" daemon [_thread_in_native, id=19136, stack(0x0000000b16300000,0x0000000b16400000)]
  0x00000114134dc080 JavaThread "QuantumRenderer-0" daemon [_thread_blocked, id=11564, stack(0x0000000b16a00000,0x0000000b16b00000)]
  0x0000011413455800 JavaThread "RMI Scheduler(0)" daemon [_thread_blocked, id=1804, stack(0x0000000b16c00000,0x0000000b16d00000)]
  0x0000011413456970 JavaThread "JMX server connection timeout 20" daemon [_thread_blocked, id=20624, stack(0x0000000b16d00000,0x0000000b16e00000)]
  0x0000011413e2a1a0 JavaThread "InvokeLaterDispatcher" daemon [_thread_blocked, id=2340, stack(0x0000000b16e00000,0x0000000b16f00000)]
  0x0000011413e2abc0 JavaThread "JavaFX Application Thread" [_thread_in_native, id=1712, stack(0x0000000b16f00000,0x0000000b17000000)]
  0x0000011413e2a6b0 JavaThread "JavaFX-Launcher" [_thread_blocked, id=14824, stack(0x0000000b17300000,0x0000000b17400000)]
  0x0000011413e2b0d0 JavaThread "Thread-2" daemon [_thread_in_native, id=13532, stack(0x0000000b16200000,0x0000000b16300000)]
  0x0000011413e2b5e0 JavaThread "mysql-cj-abandoned-connection-cleanup" daemon [_thread_blocked, id=18496, stack(0x0000000b17400000,0x0000000b17500000)]
  0x000001141415d070 JavaThread "Prism Font Disposer" daemon [_thread_blocked, id=17512, stack(0x0000000b17900000,0x0000000b17a00000)]
  0x00000114141649f0 JavaThread "Cleaner-0" daemon [_thread_blocked, id=13316, stack(0x0000000b17500000,0x0000000b17600000)]
  0x000001141415e9c0 JavaThread "RMI TCP Connection(3)-192.168.56.1" daemon [_thread_in_native, id=17596, stack(0x0000000b16b00000,0x0000000b16c00000)]
  0x0000011414160820 JavaThread "RMI TCP Connection(4)-192.168.56.1" daemon [_thread_in_native, id=19496, stack(0x0000000b15000000,0x0000000b15100000)]

Other Threads:
  0x00000113cd6940a0 VMThread "VM Thread" [stack: 0x0000000b15700000,0x0000000b15800000] [id=19704]
  0x0000011413bdfec0 WatcherThread [stack: 0x0000000b16600000,0x0000000b16700000] [id=7016]
  0x00000113a9095e80 GCTaskThread "GC Thread#0" [stack: 0x0000000b15200000,0x0000000b15300000] [id=10168]
  0x00000114138fe3d0 GCTaskThread "GC Thread#1" [stack: 0x0000000b16700000,0x0000000b16800000] [id=6820]
  0x000001141377f5a0 GCTaskThread "GC Thread#2" [stack: 0x0000000b16800000,0x0000000b16900000] [id=17784]
  0x000001141392a0f0 GCTaskThread "GC Thread#3" [stack: 0x0000000b16900000,0x0000000b16a00000] [id=15220]
  0x00000113a90a6b60 ConcurrentGCThread "G1 Main Marker" [stack: 0x0000000b15300000,0x0000000b15400000] [id=15244]
  0x00000113a90a7580 ConcurrentGCThread "G1 Conc#0" [stack: 0x0000000b15400000,0x0000000b15500000] [id=14284]
  0x00000113cd54a110 ConcurrentGCThread "G1 Refine#0" [stack: 0x0000000b15500000,0x0000000b15600000] [id=21376]
  0x00000113cd54ab40 ConcurrentGCThread "G1 Service" [stack: 0x0000000b15600000,0x0000000b15700000] [id=4136]

Threads with active compile tasks:
C2 CompilerThread0  1511774 6903   !   4       java.io.ObjectInputStream::readSerialData (549 bytes)

VM state: not at safepoint (normal execution)

VM Mutex/Monitor currently owned by a thread: None

Heap address: 0x0000000702600000, size: 4058 MB, Compressed Oops mode: Zero based, Oop shift amount: 3

CDS archive(s) mapped at: [0x00000113ce000000-0x00000113cebb0000-0x00000113cebb0000), size 12255232, SharedBaseAddress: 0x00000113ce000000, ArchiveRelocationMode: 1.
Compressed class space mapped at: 0x00000113cf000000-0x000001140f000000, reserved size: 1073741824
Narrow klass base: 0x00000113ce000000, Narrow klass shift: 0, Narrow klass range: 0x100000000

GC Precious Log:
 CPUs: 4 total, 4 available
 Memory: 16227M
 Large Page Support: Disabled
 NUMA Support: Disabled
 Compressed Oops: Enabled (Zero based)
 Heap Region Size: 2M
 Heap Min Capacity: 8M
 Heap Initial Capacity: 254M
 Heap Max Capacity: 4058M
 Pre-touch: Disabled
 Parallel Workers: 4
 Concurrent Workers: 1
 Concurrent Refinement Workers: 4
 Periodic GC: Disabled

Heap:
 garbage-first heap   total 65536K, used 34565K [0x0000000702600000, 0x0000000800000000)
  region size 2048K, 4 young (8192K), 1 survivors (2048K)
 Metaspace       used 27090K, committed 27392K, reserved 1114112K
  class space    used 3561K, committed 3712K, reserved 1048576K

Heap Regions: E=young(eden), S=young(survivor), O=old, HS=humongous(starts), HC=humongous(continues), CS=collection set, F=free, OA=open archive, CA=closed archive, TAMS=top-at-mark-start (previous, next)
|   0|0x0000000702600000, 0x0000000702800000, 0x0000000702800000|100%| O|  |TAMS 0x0000000702800000, 0x0000000702600000| Untracked 
|   1|0x0000000702800000, 0x0000000702a00000, 0x0000000702a00000|100%| O|  |TAMS 0x0000000702a00000, 0x0000000702800000| Untracked 
|   2|0x0000000702a00000, 0x0000000702b46000, 0x0000000702c00000| 63%| O|  |TAMS 0x0000000702b46000, 0x0000000702a00000| Untracked 
|   3|0x0000000702c00000, 0x0000000702e00000, 0x0000000702e00000|100%| O|  |TAMS 0x0000000702e00000, 0x0000000702c00000| Untracked 
|   4|0x0000000702e00000, 0x0000000703000000, 0x0000000703000000|100%| O|  |TAMS 0x0000000703000000, 0x0000000702e00000| Untracked 
|   5|0x0000000703000000, 0x0000000703200000, 0x0000000703200000|100%| O|  |TAMS 0x0000000703200000, 0x0000000703000000| Untracked 
|   6|0x0000000703200000, 0x0000000703200000, 0x0000000703400000|  0%| F|  |TAMS 0x0000000703200000, 0x0000000703200000| Untracked 
|   7|0x0000000703400000, 0x0000000703400000, 0x0000000703600000|  0%| F|  |TAMS 0x0000000703400000, 0x0000000703400000| Untracked 
|   8|0x0000000703600000, 0x0000000703800000, 0x0000000703800000|100%|HS|  |TAMS 0x0000000703800000, 0x0000000703600000| Complete 
|   9|0x0000000703800000, 0x0000000703a00000, 0x0000000703a00000|100%| O|  |TAMS 0x0000000703a00000, 0x0000000703800000| Untracked 
|  10|0x0000000703a00000, 0x0000000703c00000, 0x0000000703c00000|100%| O|  |TAMS 0x0000000703c00000, 0x0000000703a00000| Untracked 
|  11|0x0000000703c00000, 0x0000000703e00000, 0x0000000703e00000|100%|HS|  |TAMS 0x0000000703e00000, 0x0000000703c00000| Complete 
|  12|0x0000000703e00000, 0x0000000704000000, 0x0000000704000000|100%|HC|  |TAMS 0x0000000704000000, 0x0000000703e00000| Complete 
|  13|0x0000000704000000, 0x0000000704200000, 0x0000000704200000|100%| O|  |TAMS 0x0000000704200000, 0x0000000704000000| Untracked 
|  14|0x0000000704200000, 0x0000000704400000, 0x0000000704400000|100%| O|  |TAMS 0x0000000704400000, 0x0000000704200000| Complete 
|  15|0x0000000704400000, 0x0000000704400000, 0x0000000704600000|  0%| F|  |TAMS 0x0000000704400000, 0x0000000704400000| Untracked 
|  16|0x0000000704600000, 0x0000000704600000, 0x0000000704800000|  0%| F|  |TAMS 0x0000000704600000, 0x0000000704600000| Untracked 
|  17|0x0000000704800000, 0x0000000704800000, 0x0000000704a00000|  0%| F|  |TAMS 0x0000000704800000, 0x0000000704800000| Untracked 
|  18|0x0000000704a00000, 0x0000000704a00000, 0x0000000704c00000|  0%| F|  |TAMS 0x0000000704a00000, 0x0000000704a00000| Untracked 
|  19|0x0000000704c00000, 0x0000000704e00000, 0x0000000704e00000|100%|HS|  |TAMS 0x0000000704e00000, 0x0000000704c00000| Complete 
|  20|0x0000000704e00000, 0x0000000705000000, 0x0000000705000000|100%|HC|  |TAMS 0x0000000705000000, 0x0000000704e00000| Complete 
|  21|0x0000000705000000, 0x0000000705000000, 0x0000000705200000|  0%| F|  |TAMS 0x0000000705000000, 0x0000000705000000| Untracked 
|  22|0x0000000705200000, 0x000000070527b5b0, 0x0000000705400000| 24%| S|CS|TAMS 0x0000000705200000, 0x0000000705200000| Complete 
|  23|0x0000000705400000, 0x0000000705400000, 0x0000000705600000|  0%| F|  |TAMS 0x0000000705400000, 0x0000000705400000| Untracked 
|  24|0x0000000705600000, 0x0000000705600000, 0x0000000705800000|  0%| F|  |TAMS 0x0000000705600000, 0x0000000705600000| Untracked 
|  25|0x0000000705800000, 0x0000000705800000, 0x0000000705a00000|  0%| F|  |TAMS 0x0000000705800000, 0x0000000705800000| Untracked 
|  26|0x0000000705a00000, 0x0000000705a00000, 0x0000000705c00000|  0%| F|  |TAMS 0x0000000705a00000, 0x0000000705a00000| Untracked 
| 106|0x000000070fa00000, 0x000000070fa00000, 0x000000070fc00000|  0%| F|  |TAMS 0x000000070fa00000, 0x000000070fa00000| Untracked 
| 107|0x000000070fc00000, 0x000000070fc00000, 0x000000070fe00000|  0%| F|  |TAMS 0x000000070fc00000, 0x000000070fc00000| Untracked 
| 108|0x000000070fe00000, 0x000000070ffcd888, 0x0000000710000000| 90%| E|  |TAMS 0x000000070fe00000, 0x000000070fe00000| Complete 
| 109|0x0000000710000000, 0x0000000710200000, 0x0000000710200000|100%| E|CS|TAMS 0x0000000710000000, 0x0000000710000000| Complete 
| 126|0x0000000712200000, 0x0000000712400000, 0x0000000712400000|100%| E|CS|TAMS 0x0000000712200000, 0x0000000712200000| Complete 

Card table byte_map: [0x00000113c21c0000,0x00000113c29b0000] _byte_map_base: 0x00000113be9ad000

Marking Bits (Prev, Next): (CMBitMap*) 0x00000113a90964a0, (CMBitMap*) 0x00000113a90964e0
 Prev Bits: [0x00000113c31a0000, 0x00000113c7108000)
 Next Bits: [0x00000113c7110000, 0x00000113cb078000)

Polling page: 0x00000113a8ec0000

Metaspace:

Usage:
  Non-class:     22.98 MB used.
      Class:      3.48 MB used.
       Both:     26.46 MB used.

Virtual space:
  Non-class space:       64.00 MB reserved,      23.12 MB ( 36%) committed,  1 nodes.
      Class space:        1.00 GB reserved,       3.62 MB ( <1%) committed,  1 nodes.
             Both:        1.06 GB reserved,      26.75 MB (  2%) committed. 

Chunk freelists:
   Non-Class:  8.22 MB
       Class:  12.23 MB
        Both:  20.44 MB

MaxMetaspaceSize: unlimited
CompressedClassSpaceSize: 1.00 GB
Initial GC threshold: 21.00 MB
Current GC threshold: 44.38 MB
CDS: on
MetaspaceReclaimPolicy: balanced
 - commit_granule_bytes: 65536.
 - commit_granule_words: 8192.
 - virtual_space_node_default_size: 8388608.
 - enlarge_chunks_in_place: 1.
 - new_chunks_are_fully_committed: 0.
 - uncommit_free_chunks: 1.
 - use_allocation_guard: 0.
 - handle_deallocations: 1.


Internal statistics:

num_allocs_failed_limit: 3.
num_arena_births: 358.
num_arena_deaths: 0.
num_vsnodes_births: 2.
num_vsnodes_deaths: 0.
num_space_committed: 428.
num_space_uncommitted: 0.
num_chunks_returned_to_freelist: 3.
num_chunks_taken_from_freelist: 1207.
num_chunk_merges: 0.
num_chunk_splits: 818.
num_chunks_enlarged: 603.
num_inconsistent_stats: 0.

CodeHeap 'non-profiled nmethods': size=120000Kb used=3799Kb max_used=3799Kb free=116200Kb
 bounds [0x00000113b9e80000, 0x00000113ba240000, 0x00000113c13b0000]
CodeHeap 'profiled nmethods': size=120000Kb used=12554Kb max_used=13387Kb free=107445Kb
 bounds [0x00000113b23b0000, 0x00000113b30d0000, 0x00000113b98e0000]
CodeHeap 'non-nmethods': size=5760Kb used=1497Kb max_used=1574Kb free=4262Kb
 bounds [0x00000113b98e0000, 0x00000113b9b50000, 0x00000113b9e80000]
 total_blobs=6898 nmethods=6019 adapters=791
 compilation: enabled
              stopped_count=0, restarted_count=0
 full_count=0

Compilation events (20 events):
Event: 1322.400 Thread 0x00000113cd854600 nmethod 6893 0x00000113ba232990 code [0x00000113ba232b20, 0x00000113ba232bf8]
Event: 1341.210 Thread 0x00000113cd6b38e0 6894       4       java.lang.ThreadLocal::set (30 bytes)
Event: 1341.220 Thread 0x00000113cd6b38e0 nmethod 6894 0x00000113ba232c90 code [0x00000113ba232e60, 0x00000113ba2335e0]
Event: 1416.386 Thread 0x00000113cd6b38e0 6895       4       java.util.ArrayList::toArray (57 bytes)
Event: 1416.387 Thread 0x00000113cd6b38e0 nmethod 6895 0x00000113ba233910 code [0x00000113ba233aa0, 0x00000113ba233cd8]
Event: 1434.960 Thread 0x00000113cd6b38e0 6896       4       java.io.ObjectInputStream$BlockDataInputStream::readUTFBody (192 bytes)
Event: 1434.974 Thread 0x00000113cd6b38e0 nmethod 6896 0x00000113ba233e10 code [0x00000113ba234020, 0x00000113ba234cb0]
Event: 1468.087 Thread 0x00000113cd6b38e0 6897       4       java.io.DataOutputStream::writeByte (14 bytes)
Event: 1468.089 Thread 0x00000113cd6b38e0 nmethod 6897 0x00000113ba235410 code [0x00000113ba2355a0, 0x00000113ba235878]
Event: 1469.100 Thread 0x00000113cd6b38e0 6898       4       sun.rmi.transport.tcp.TCPConnection::releaseOutputStream (15 bytes)
Event: 1469.102 Thread 0x00000113cd6b38e0 nmethod 6898 0x00000113ba235a10 code [0x00000113ba235ba0, 0x00000113ba235c88]
Event: 1502.266 Thread 0x00000113cd854600 6899       3       java.net.NetworkInterface::<init> (15 bytes)
Event: 1502.267 Thread 0x00000113cd854600 nmethod 6899 0x00000113b2450690 code [0x00000113b2450820, 0x00000113b24509b8]
Event: 1502.267 Thread 0x00000113cd854600 6900       3       java.util.concurrent.locks.AbstractQueuedSynchronizer::<init> (5 bytes)
Event: 1502.267 Thread 0x00000113cd854600 nmethod 6900 0x00000113b2435410 code [0x00000113b24355c0, 0x00000113b2435778]
Event: 1502.267 Thread 0x00000113cd854600 6901       3       java.util.concurrent.locks.AbstractOwnableSynchronizer::<init> (5 bytes)
Event: 1502.267 Thread 0x00000113cd854600 nmethod 6901 0x00000113b278dd90 code [0x00000113b278df20, 0x00000113b278e078]
Event: 1502.268 Thread 0x00000113cd854600 6902       3       sun.rmi.transport.tcp.TCPConnection::getInputStream (30 bytes)
Event: 1502.268 Thread 0x00000113cd854600 nmethod 6902 0x00000113b27cd790 code [0x00000113b27cd960, 0x00000113b27cdcb8]
Event: 1511.548 Thread 0x00000113cd6b38e0 6903   !   4       java.io.ObjectInputStream::readSerialData (549 bytes)

GC Heap History (20 events):
Event: 245.349 GC heap before
{Heap before GC invocations=8 (full 0):
 garbage-first heap   total 61440K, used 39400K [0x0000000702600000, 0x0000000800000000)
  region size 2048K, 8 young (16384K), 2 survivors (4096K)
 Metaspace       used 26369K, committed 26624K, reserved 1114112K
  class space    used 3509K, committed 3648K, reserved 1048576K
}
Event: 245.356 GC heap after
{Heap after GC invocations=9 (full 0):
 garbage-first heap   total 61440K, used 29620K [0x0000000702600000, 0x0000000800000000)
  region size 2048K, 2 young (4096K), 2 survivors (4096K)
 Metaspace       used 26369K, committed 26624K, reserved 1114112K
  class space    used 3509K, committed 3648K, reserved 1048576K
}
Event: 248.303 GC heap before
{Heap before GC invocations=10 (full 0):
 garbage-first heap   total 65536K, used 41908K [0x0000000702600000, 0x0000000800000000)
  region size 2048K, 7 young (14336K), 2 survivors (4096K)
 Metaspace       used 26608K, committed 26880K, reserved 1114112K
  class space    used 3532K, committed 3648K, reserved 1048576K
}
Event: 248.311 GC heap after
{Heap after GC invocations=11 (full 0):
 garbage-first heap   total 65536K, used 31398K [0x0000000702600000, 0x0000000800000000)
  region size 2048K, 1 young (2048K), 1 survivors (2048K)
 Metaspace       used 26608K, committed 26880K, reserved 1114112K
  class space    used 3532K, committed 3648K, reserved 1048576K
}
Event: 248.381 GC heap before
{Heap before GC invocations=12 (full 0):
 garbage-first heap   total 65536K, used 31398K [0x0000000702600000, 0x0000000800000000)
  region size 2048K, 2 young (4096K), 1 survivors (2048K)
 Metaspace       used 26611K, committed 26880K, reserved 1114112K
  class space    used 3532K, committed 3648K, reserved 1048576K
}
Event: 248.385 GC heap after
{Heap after GC invocations=13 (full 0):
 garbage-first heap   total 65536K, used 31934K [0x0000000702600000, 0x0000000800000000)
  region size 2048K, 1 young (2048K), 1 survivors (2048K)
 Metaspace       used 26611K, committed 26880K, reserved 1114112K
  class space    used 3532K, committed 3648K, reserved 1048576K
}
Event: 253.878 GC heap before
{Heap before GC invocations=14 (full 0):
 garbage-first heap   total 65536K, used 52414K [0x0000000702600000, 0x0000000800000000)
  region size 2048K, 8 young (16384K), 1 survivors (2048K)
 Metaspace       used 26886K, committed 27200K, reserved 1114112K
  class space    used 3549K, committed 3648K, reserved 1048576K
}
Event: 253.883 GC heap after
{Heap after GC invocations=15 (full 0):
 garbage-first heap   total 65536K, used 29296K [0x0000000702600000, 0x0000000800000000)
  region size 2048K, 1 young (2048K), 1 survivors (2048K)
 Metaspace       used 26886K, committed 27200K, reserved 1114112K
  class space    used 3549K, committed 3648K, reserved 1048576K
}
Event: 255.366 GC heap before
{Heap before GC invocations=15 (full 0):
 garbage-first heap   total 65536K, used 39536K [0x0000000702600000, 0x0000000800000000)
  region size 2048K, 2 young (4096K), 1 survivors (2048K)
 Metaspace       used 26947K, committed 27200K, reserved 1114112K
  class space    used 3554K, committed 3648K, reserved 1048576K
}
Event: 255.371 GC heap after
{Heap after GC invocations=16 (full 0):
 garbage-first heap   total 65536K, used 31706K [0x0000000702600000, 0x0000000800000000)
  region size 2048K, 1 young (2048K), 1 survivors (2048K)
 Metaspace       used 26947K, committed 27200K, reserved 1114112K
  class space    used 3554K, committed 3648K, reserved 1048576K
}
Event: 257.165 GC heap before
{Heap before GC invocations=16 (full 0):
 garbage-first heap   total 65536K, used 37850K [0x0000000702600000, 0x0000000800000000)
  region size 2048K, 5 young (10240K), 1 survivors (2048K)
 Metaspace       used 26990K, committed 27264K, reserved 1114112K
  class space    used 3554K, committed 3648K, reserved 1048576K
}
Event: 257.169 GC heap after
{Heap after GC invocations=17 (full 0):
 garbage-first heap   total 65536K, used 29763K [0x0000000702600000, 0x0000000800000000)
  region size 2048K, 1 young (2048K), 1 survivors (2048K)
 Metaspace       used 26990K, committed 27264K, reserved 1114112K
  class space    used 3554K, committed 3648K, reserved 1048576K
}
Event: 257.217 GC heap before
{Heap before GC invocations=17 (full 0):
 garbage-first heap   total 65536K, used 33859K [0x0000000702600000, 0x0000000800000000)
  region size 2048K, 2 young (4096K), 1 survivors (2048K)
 Metaspace       used 26999K, committed 27264K, reserved 1114112K
  class space    used 3554K, committed 3648K, reserved 1048576K
}
Event: 257.224 GC heap after
{Heap after GC invocations=18 (full 0):
 garbage-first heap   total 65536K, used 34152K [0x0000000702600000, 0x0000000800000000)
  region size 2048K, 1 young (2048K), 1 survivors (2048K)
 Metaspace       used 26999K, committed 27264K, reserved 1114112K
  class space    used 3554K, committed 3648K, reserved 1048576K
}
Event: 546.581 GC heap before
{Heap before GC invocations=19 (full 0):
 garbage-first heap   total 65536K, used 54632K [0x0000000702600000, 0x0000000800000000)
  region size 2048K, 7 young (14336K), 1 survivors (2048K)
 Metaspace       used 27082K, committed 27392K, reserved 1114112K
  class space    used 3560K, committed 3712K, reserved 1048576K
}
Event: 546.583 GC heap after
{Heap after GC invocations=20 (full 0):
 garbage-first heap   total 65536K, used 34208K [0x0000000702600000, 0x0000000800000000)
  region size 2048K, 1 young (2048K), 1 survivors (2048K)
 Metaspace       used 27082K, committed 27392K, reserved 1114112K
  class space    used 3560K, committed 3712K, reserved 1048576K
}
Event: 624.180 GC heap before
{Heap before GC invocations=20 (full 0):
 garbage-first heap   total 65536K, used 36256K [0x0000000702600000, 0x0000000800000000)
  region size 2048K, 2 young (4096K), 1 survivors (2048K)
 Metaspace       used 27082K, committed 27392K, reserved 1114112K
  class space    used 3560K, committed 3712K, reserved 1048576K
}
Event: 624.185 GC heap after
{Heap after GC invocations=21 (full 0):
 garbage-first heap   total 65536K, used 30459K [0x0000000702600000, 0x0000000800000000)
  region size 2048K, 1 young (2048K), 1 survivors (2048K)
 Metaspace       used 27082K, committed 27392K, reserved 1114112K
  class space    used 3560K, committed 3712K, reserved 1048576K
}
Event: 1278.687 GC heap before
{Heap before GC invocations=21 (full 0):
 garbage-first heap   total 65536K, used 46843K [0x0000000702600000, 0x0000000800000000)
  region size 2048K, 9 young (18432K), 1 survivors (2048K)
 Metaspace       used 27088K, committed 27392K, reserved 1114112K
  class space    used 3561K, committed 3712K, reserved 1048576K
}
Event: 1278.689 GC heap after
{Heap after GC invocations=22 (full 0):
 garbage-first heap   total 65536K, used 30469K [0x0000000702600000, 0x0000000800000000)
  region size 2048K, 1 young (2048K), 1 survivors (2048K)
 Metaspace       used 27088K, committed 27392K, reserved 1114112K
  class space    used 3561K, committed 3712K, reserved 1048576K
}

Dll operation events (20 events):
Event: 1.937 Loaded shared library C:\Users\bennouis\Downloads\openjfx-17.0.15_windows-x64_bin-sdk\javafx-sdk-17.0.15\bin\api-ms-win-crt-locale-l1-1-0.dll
Event: 1.940 Loaded shared library C:\Users\bennouis\Downloads\openjfx-17.0.15_windows-x64_bin-sdk\javafx-sdk-17.0.15\bin\api-ms-win-crt-math-l1-1-0.dll
Event: 1.944 Loaded shared library C:\Users\bennouis\Downloads\openjfx-17.0.15_windows-x64_bin-sdk\javafx-sdk-17.0.15\bin\api-ms-win-crt-multibyte-l1-1-0.dll
Event: 1.948 Loaded shared library C:\Users\bennouis\Downloads\openjfx-17.0.15_windows-x64_bin-sdk\javafx-sdk-17.0.15\bin\api-ms-win-crt-private-l1-1-0.dll
Event: 1.951 Loaded shared library C:\Users\bennouis\Downloads\openjfx-17.0.15_windows-x64_bin-sdk\javafx-sdk-17.0.15\bin\api-ms-win-crt-process-l1-1-0.dll
Event: 1.955 Loaded shared library C:\Users\bennouis\Downloads\openjfx-17.0.15_windows-x64_bin-sdk\javafx-sdk-17.0.15\bin\api-ms-win-crt-runtime-l1-1-0.dll
Event: 1.958 Loaded shared library C:\Users\bennouis\Downloads\openjfx-17.0.15_windows-x64_bin-sdk\javafx-sdk-17.0.15\bin\api-ms-win-crt-stdio-l1-1-0.dll
Event: 1.965 Loaded shared library C:\Users\bennouis\Downloads\openjfx-17.0.15_windows-x64_bin-sdk\javafx-sdk-17.0.15\bin\api-ms-win-crt-string-l1-1-0.dll
Event: 1.967 Loaded shared library C:\Users\bennouis\Downloads\openjfx-17.0.15_windows-x64_bin-sdk\javafx-sdk-17.0.15\bin\api-ms-win-crt-time-l1-1-0.dll
Event: 1.970 Loaded shared library C:\Users\bennouis\Downloads\openjfx-17.0.15_windows-x64_bin-sdk\javafx-sdk-17.0.15\bin\api-ms-win-crt-utility-l1-1-0.dll
Event: 1.976 Loaded shared library C:\Users\bennouis\Downloads\openjfx-17.0.15_windows-x64_bin-sdk\javafx-sdk-17.0.15\bin\ucrtbase.dll
Event: 1.981 Loaded shared library C:\Users\bennouis\Downloads\openjfx-17.0.15_windows-x64_bin-sdk\javafx-sdk-17.0.15\bin\vcruntime140.dll
Event: 1.983 Loaded shared library C:\Users\bennouis\Downloads\openjfx-17.0.15_windows-x64_bin-sdk\javafx-sdk-17.0.15\bin\vcruntime140_1.dll
Event: 1.989 Loaded shared library C:\Users\bennouis\Downloads\openjfx-17.0.15_windows-x64_bin-sdk\javafx-sdk-17.0.15\bin\msvcp140.dll
Event: 1.991 Loaded shared library C:\Users\bennouis\Downloads\openjfx-17.0.15_windows-x64_bin-sdk\javafx-sdk-17.0.15\bin\msvcp140_1.dll
Event: 1.993 Loaded shared library C:\Users\bennouis\Downloads\openjfx-17.0.15_windows-x64_bin-sdk\javafx-sdk-17.0.15\bin\msvcp140_2.dll
Event: 2.084 Loaded shared library C:\Users\bennouis\Downloads\openjfx-17.0.15_windows-x64_bin-sdk\javafx-sdk-17.0.15\bin\prism_d3d.dll
Event: 2.249 Loaded shared library C:\Users\bennouis\Downloads\openjfx-17.0.15_windows-x64_bin-sdk\javafx-sdk-17.0.15\bin\glass.dll
Event: 3.002 Loaded shared library C:\Users\bennouis\Downloads\openjfx-17.0.15_windows-x64_bin-sdk\javafx-sdk-17.0.15\bin\javafx_font.dll
Event: 98.334 Loaded shared library C:\Users\bennouis\Downloads\openjfx-17.0.15_windows-x64_bin-sdk\javafx-sdk-17.0.15\bin\javafx_iio.dll

Deoptimization events (20 events):
Event: 302.188 Thread 0x00000114134dc560 Uncommon trap: trap_request=0xffffff45 fr.pc=0x00000113ba1bcba8 relative=0x0000000000005dc8
Event: 302.188 Thread 0x00000114134dc560 Uncommon trap: reason=unstable_if action=reinterpret pc=0x00000113ba1bcba8 method=sun.rmi.server.LoaderHandler.getClassAnnotation(Ljava/lang/Class;)Ljava/lang/String; @ 21 c2
Event: 302.188 Thread 0x00000114134dc560 DEOPT PACKING pc=0x00000113ba1bcba8 sp=0x0000000b16bfe4d0
Event: 302.188 Thread 0x00000114134dc560 DEOPT UNPACKING pc=0x00000113b99369a3 sp=0x0000000b16bfe288 mode 2
Event: 902.254 Thread 0x000001141415dfa0 Uncommon trap: trap_request=0xffffff45 fr.pc=0x00000113ba1e9760 relative=0x0000000000000700
Event: 902.254 Thread 0x000001141415dfa0 Uncommon trap: reason=unstable_if action=reinterpret pc=0x00000113ba1e9760 method=java.lang.ThreadLocal.set(Ljava/lang/Object;)V @ 11 c2
Event: 902.254 Thread 0x000001141415dfa0 DEOPT PACKING pc=0x00000113ba1e9760 sp=0x0000000b150fee70
Event: 902.254 Thread 0x000001141415dfa0 DEOPT UNPACKING pc=0x00000113b99369a3 sp=0x0000000b150fee60 mode 2
Event: 902.255 Thread 0x000001141415dfa0 Uncommon trap: trap_request=0xffffff45 fr.pc=0x00000113ba20de50 relative=0x0000000000000fd0
Event: 902.255 Thread 0x000001141415dfa0 Uncommon trap: reason=unstable_if action=reinterpret pc=0x00000113ba20de50 method=sun.nio.ch.NioSocketImpl.configureNonBlocking(Ljava/io/FileDescriptor;)V @ 28 c2
Event: 902.255 Thread 0x000001141415dfa0 DEOPT PACKING pc=0x00000113ba20de50 sp=0x0000000b150fedb0
Event: 902.255 Thread 0x000001141415dfa0 DEOPT UNPACKING pc=0x00000113b99369a3 sp=0x0000000b150feb10 mode 2
Event: 902.255 Thread 0x000001141415dfa0 Uncommon trap: trap_request=0xffffff45 fr.pc=0x00000113ba1ec624 relative=0x0000000000000ba4
Event: 902.255 Thread 0x000001141415dfa0 Uncommon trap: reason=unstable_if action=reinterpret pc=0x00000113ba1ec624 method=sun.nio.ch.Util$BufferCache.get(I)Ljava/nio/ByteBuffer; @ 25 c2
Event: 902.255 Thread 0x000001141415dfa0 DEOPT PACKING pc=0x00000113ba1ec624 sp=0x0000000b150fea40
Event: 902.255 Thread 0x000001141415dfa0 DEOPT UNPACKING pc=0x00000113b99369a3 sp=0x0000000b150fe910 mode 2
Event: 917.678 Thread 0x00000114134dc560 Uncommon trap: trap_request=0xffffff45 fr.pc=0x00000113ba20dc0c relative=0x0000000000000d8c
Event: 917.678 Thread 0x00000114134dc560 Uncommon trap: reason=unstable_if action=reinterpret pc=0x00000113ba20dc0c method=sun.nio.ch.NioSocketImpl.implRead([BII)I @ 150 c2
Event: 917.678 Thread 0x00000114134dc560 DEOPT PACKING pc=0x00000113ba20dc0c sp=0x0000000b16bfeda0
Event: 917.678 Thread 0x00000114134dc560 DEOPT UNPACKING pc=0x00000113b99369a3 sp=0x0000000b16bfeb70 mode 2

Classes loaded (20 events):
Event: 246.822 Loading class java/util/stream/ReferencePipeline$4
Event: 246.824 Loading class java/util/stream/ReferencePipeline$4 done
Event: 246.827 Loading class java/util/stream/ReferencePipeline$15
Event: 246.827 Loading class java/util/stream/ReferencePipeline$15 done
Event: 246.827 Loading class java/util/stream/ReferencePipeline$15$1
Event: 246.827 Loading class java/util/stream/ReferencePipeline$15$1 done
Event: 246.827 Loading class java/util/stream/ReferencePipeline$4$1
Event: 246.828 Loading class java/util/stream/ReferencePipeline$4$1 done
Event: 246.828 Loading class java/util/stream/IntPipeline$11
Event: 246.829 Loading class java/util/stream/IntPipeline$11 done
Event: 246.829 Loading class java/util/stream/ReduceOps$9
Event: 246.829 Loading class java/util/stream/ReduceOps$9 done
Event: 246.829 Loading class java/util/stream/ReduceOps$CountingSink$OfInt
Event: 246.830 Loading class java/util/stream/ReduceOps$CountingSink
Event: 246.830 Loading class java/util/stream/ReduceOps$CountingSink done
Event: 246.830 Loading class java/util/stream/ReduceOps$CountingSink$OfInt done
Event: 246.830 Loading class java/util/stream/IntPipeline$11$1
Event: 246.830 Loading class java/util/stream/IntPipeline$11$1 done
Event: 258.279 Loading class java/text/StringCharacterIterator
Event: 258.281 Loading class java/text/StringCharacterIterator done

Classes unloaded (0 events):
No events

Classes redefined (0 events):
No events

Internal exceptions (20 events):
Event: 251.179 Thread 0x0000011413e2abc0 Exception <a 'java/io/FileNotFoundException'{0x000000070fb31d28}> (0x000000070fb31d28) 
thrown [s\src\hotspot\share\prims\jni.cpp, line 516]
Event: 252.561 Thread 0x0000011413e2abc0 Exception <a 'java/io/FileNotFoundException'{0x0000000705a42490}> (0x0000000705a42490) 
thrown [s\src\hotspot\share\prims\jni.cpp, line 516]
Event: 253.859 Thread 0x0000011413e2abc0 Exception <a 'java/io/FileNotFoundException'{0x00000007056f66d0}> (0x00000007056f66d0) 
thrown [s\src\hotspot\share\prims\jni.cpp, line 516]
Event: 253.898 Thread 0x0000011413e2abc0 Exception <a 'java/io/FileNotFoundException'{0x00000007122109c0}> (0x00000007122109c0) 
thrown [s\src\hotspot\share\prims\jni.cpp, line 516]
Event: 253.930 Thread 0x0000011413e2abc0 Exception <a 'java/io/FileNotFoundException'{0x00000007122abc08}> (0x00000007122abc08) 
thrown [s\src\hotspot\share\prims\jni.cpp, line 516]
Event: 253.961 Thread 0x0000011413e2abc0 Exception <a 'java/io/FileNotFoundException'{0x00000007122bfd00}> (0x00000007122bfd00) 
thrown [s\src\hotspot\share\prims\jni.cpp, line 516]
Event: 255.363 Thread 0x0000011413e2abc0 Exception <a 'java/io/FileNotFoundException'{0x00000007123cd9e0}> (0x00000007123cd9e0) 
thrown [s\src\hotspot\share\prims\jni.cpp, line 516]
Event: 257.143 Thread 0x0000011413e2abc0 Exception <a 'java/io/FileNotFoundException'{0x000000070fa96450}> (0x000000070fa96450) 
thrown [s\src\hotspot\share\prims\jni.cpp, line 516]
Event: 257.180 Thread 0x0000011413e2abc0 Exception <a 'java/io/FileNotFoundException'{0x0000000712210688}> (0x0000000712210688) 
thrown [s\src\hotspot\share\prims\jni.cpp, line 516]
Event: 257.205 Thread 0x0000011413e2abc0 Exception <a 'java/io/FileNotFoundException'{0x00000007122a51c8}> (0x00000007122a51c8) 
thrown [s\src\hotspot\share\prims\jni.cpp, line 516]
Event: 257.239 Thread 0x0000011413e2abc0 Exception <a 'java/io/FileNotFoundException'{0x000000071220f978}> (0x000000071220f978) 
thrown [s\src\hotspot\share\prims\jni.cpp, line 516]
Event: 258.246 Thread 0x0000011413e2abc0 Exception <a 'java/io/FileNotFoundException'{0x00000007122de210}> (0x00000007122de210) 
thrown [s\src\hotspot\share\prims\jni.cpp, line 516]
Event: 260.432 Thread 0x0000011413e2abc0 Exception <a 'java/lang/NoSuchMethodError'{0x000000070fe31528}: 'java.lang.Object java.lang.invoke.DirectMethodHandle$Holder.newInvokeSpecial(java.lang.Object, java.lang.Object, int, int, int, int, int, java.lang.Object)'> (0x000000070fe31528) 
thrown [s\src\hotspot\share\interpreter\linkResolver.cpp, line 759]
Event: 260.433 Thread 0x0000011413e2abc0 Exception <a 'java/lang/NoSuchMethodError'{0x000000070fe4f880}: 'java.lang.Object java.lang.invoke.DirectMethodHandle$Holder.newInvokeSpecial(java.lang.Object, java.lang.Object, java.lang.Object, int, int, int, int, int)'> (0x000000070fe4f880) 
thrown [s\src\hotspot\share\interpreter\linkResolver.cpp, line 759]
Event: 260.434 Thread 0x0000011413e2abc0 Exception <a 'java/lang/NoSuchMethodError'{0x000000070fe570e0}: 'java.lang.Object java.lang.invoke.Invokers$Holder.linkToTargetMethod(java.lang.Object, java.lang.Object, int, int, int, int, int, java.lang.Object)'> (0x000000070fe570e0) 
thrown [s\src\hotspot\share\interpreter\linkResolver.cpp, line 759]
Event: 264.131 Thread 0x0000011413e2abc0 Exception <a 'java/io/FileNotFoundException'{0x000000070fefa008}> (0x000000070fefa008) 
thrown [s\src\hotspot\share\prims\jni.cpp, line 516]
Event: 264.150 Thread 0x0000011413e2abc0 Exception <a 'java/io/FileNotFoundException'{0x000000070ff0e840}> (0x000000070ff0e840) 
thrown [s\src\hotspot\share\prims\jni.cpp, line 516]
Event: 264.177 Thread 0x0000011413e2abc0 Exception <a 'java/io/FileNotFoundException'{0x000000070ffacdc8}> (0x000000070ffacdc8) 
thrown [s\src\hotspot\share\prims\jni.cpp, line 516]
Event: 264.206 Thread 0x0000011413e2abc0 Exception <a 'java/io/FileNotFoundException'{0x000000070ffc3328}> (0x000000070ffc3328) 
thrown [s\src\hotspot\share\prims\jni.cpp, line 516]
Event: 902.254 Thread 0x000001141415dfa0 Implicit null exception at 0x00000113ba1e90aa to 0x00000113ba1e973c

VM Operations (20 events):
Event: 918.952 Executing VM operation: Cleanup
Event: 918.952 Executing VM operation: Cleanup done
Event: 934.042 Executing VM operation: Cleanup
Event: 934.042 Executing VM operation: Cleanup done
Event: 937.065 Executing VM operation: Cleanup
Event: 937.065 Executing VM operation: Cleanup done
Event: 944.116 Executing VM operation: Cleanup
Event: 944.117 Executing VM operation: Cleanup done
Event: 990.449 Executing VM operation: Cleanup
Event: 990.449 Executing VM operation: Cleanup done
Event: 1032.731 Executing VM operation: Cleanup
Event: 1032.731 Executing VM operation: Cleanup done
Event: 1278.687 Executing VM operation: G1CollectForAllocation
Event: 1278.689 Executing VM operation: G1CollectForAllocation done
Event: 1278.714 Executing VM operation: G1PauseRemark
Event: 1278.718 Executing VM operation: G1PauseRemark done
Event: 1278.730 Executing VM operation: G1PauseCleanup
Event: 1278.730 Executing VM operation: G1PauseCleanup done
Event: 1318.933 Executing VM operation: Cleanup
Event: 1318.933 Executing VM operation: Cleanup done

Memory protections (0 events):
No events

Nmethod flushes (20 events):
Event: 248.338 Thread 0x00000113cd8572d0 flushing  nmethod 0x00000113b2e3c910
Event: 248.338 Thread 0x00000113cd8572d0 flushing  nmethod 0x00000113b2e3e110
Event: 248.338 Thread 0x00000113cd8572d0 flushing  nmethod 0x00000113b2e3e710
Event: 248.338 Thread 0x00000113cd8572d0 flushing  nmethod 0x00000113b2e3ea90
Event: 248.338 Thread 0x00000113cd8572d0 flushing  nmethod 0x00000113b2e3f090
Event: 248.338 Thread 0x00000113cd8572d0 flushing  nmethod 0x00000113b2e3f810
Event: 248.338 Thread 0x00000113cd8572d0 flushing  nmethod 0x00000113b2e40710
Event: 248.338 Thread 0x00000113cd8572d0 flushing  nmethod 0x00000113b2e41010
Event: 248.338 Thread 0x00000113cd8572d0 flushing  nmethod 0x00000113b2e41d90
Event: 248.338 Thread 0x00000113cd8572d0 flushing  nmethod 0x00000113b2e45d10
Event: 248.338 Thread 0x00000113cd8572d0 flushing  nmethod 0x00000113b2e49c90
Event: 248.339 Thread 0x00000113cd8572d0 flushing  nmethod 0x00000113b2ec8910
Event: 248.339 Thread 0x00000113cd8572d0 flushing  nmethod 0x00000113b2ef2890
Event: 248.339 Thread 0x00000113cd8572d0 flushing  nmethod 0x00000113b2f03710
Event: 248.339 Thread 0x00000113cd8572d0 flushing  nmethod 0x00000113b2fd7b10
Event: 248.339 Thread 0x00000113cd8572d0 flushing  nmethod 0x00000113b2fd8110
Event: 248.339 Thread 0x00000113cd8572d0 flushing  nmethod 0x00000113b2fd8510
Event: 248.339 Thread 0x00000113cd8572d0 flushing  nmethod 0x00000113b2fdad10
Event: 248.339 Thread 0x00000113cd8572d0 flushing  nmethod 0x00000113b2fdb110
Event: 248.339 Thread 0x00000113cd8572d0 flushing  nmethod 0x00000113b2fdcb10

Events (20 events):
Event: 243.893 Thread 0x0000011419ca25a0 Thread exited: 0x0000011419ca25a0
Event: 245.297 Thread 0x00000113cd854600 Thread added: 0x0000011419ca3590
Event: 245.703 Thread 0x0000011419ca3590 Thread exited: 0x0000011419ca3590
Event: 246.618 Thread 0x00000113cd854600 Thread added: 0x0000011419ca15b0
Event: 248.058 Thread 0x0000011419ca15b0 Thread exited: 0x0000011419ca15b0
Event: 248.694 Thread 0x00000113cd6b38e0 Thread added: 0x0000011419ca0b10
Event: 249.325 Thread 0x0000011419ca0b10 Thread exited: 0x0000011419ca0b10
Event: 249.516 Thread 0x00000113cd6b38e0 Thread added: 0x0000011419ca25a0
Event: 250.872 Thread 0x0000011419ca25a0 Thread exited: 0x0000011419ca25a0
Event: 252.583 Thread 0x00000113cd854600 Thread added: 0x0000011419ca15b0
Event: 253.461 Thread 0x0000011419ca15b0 Thread exited: 0x0000011419ca15b0
Event: 253.910 Thread 0x00000113cd6b38e0 Thread added: 0x0000011419ca2af0
Event: 254.341 Thread 0x0000011419ca2af0 Thread exited: 0x0000011419ca2af0
Event: 255.458 Thread 0x00000113cd854600 Thread added: 0x0000011419ca2af0
Event: 255.876 Thread 0x0000011419ca2af0 Thread exited: 0x0000011419ca2af0
Event: 902.254 Thread 0x0000011413e29bf0 Thread added: 0x000001141415dfa0
Event: 977.687 Thread 0x00000114134dc560 Thread exited: 0x00000114134dc560
Event: 1322.429 Thread 0x0000011413e29bf0 Thread added: 0x000001141415e9c0
Event: 1397.919 Thread 0x000001141415dfa0 Thread exited: 0x000001141415dfa0
Event: 1502.267 Thread 0x0000011413e29bf0 Thread added: 0x0000011414160820


Dynamic libraries:
0x00007ff741730000 - 0x00007ff74173e000 	C:\Users\bennouis\.jdks\temurin-17.0.15\bin\java.exe
0x00007ffe00f30000 - 0x00007ffe01147000 	C:\WINDOWS\SYSTEM32\ntdll.dll
0x00007ffe00120000 - 0x00007ffe001e4000 	C:\WINDOWS\System32\KERNEL32.DLL
0x00007ffdfe360000 - 0x00007ffdfe733000 	C:\WINDOWS\System32\KERNELBASE.dll
0x00007ffdfe210000 - 0x00007ffdfe321000 	C:\WINDOWS\System32\ucrtbase.dll
0x00007ffdf7e20000 - 0x00007ffdf7e37000 	C:\Users\bennouis\.jdks\temurin-17.0.15\bin\jli.dll
0x00007ffdff420000 - 0x00007ffdff5d1000 	C:\WINDOWS\System32\USER32.dll
0x00007ffdfe9b0000 - 0x00007ffdfe9d6000 	C:\WINDOWS\System32\win32u.dll
0x00007ffe00740000 - 0x00007ffe00769000 	C:\WINDOWS\System32\GDI32.dll
0x00007ffdfe7c0000 - 0x00007ffdfe8e2000 	C:\WINDOWS\System32\gdi32full.dll
0x00007ffdfe9e0000 - 0x00007ffdfea7a000 	C:\WINDOWS\System32\msvcp_win.dll
0x00007ffde4720000 - 0x00007ffde473e000 	C:\Users\bennouis\.jdks\temurin-17.0.15\bin\VCRUNTIME140.dll
0x00007ffde8b80000 - 0x00007ffde8e1b000 	C:\WINDOWS\WinSxS\amd64_microsoft.windows.common-controls_6595b64144ccf1df_6.0.22621.5262_none_2712bde373830908\COMCTL32.dll
0x00007ffdfef80000 - 0x00007ffdff027000 	C:\WINDOWS\System32\msvcrt.dll
0x00007ffdff3e0000 - 0x00007ffdff411000 	C:\WINDOWS\System32\IMM32.DLL
0x00007ffdf97d0000 - 0x00007ffdf97dc000 	C:\Users\bennouis\.jdks\temurin-17.0.15\bin\vcruntime140_1.dll
0x00007ffde4690000 - 0x00007ffde471d000 	C:\Users\bennouis\.jdks\temurin-17.0.15\bin\msvcp140.dll
0x00007ffdb47a0000 - 0x00007ffdb540b000 	C:\Users\bennouis\.jdks\temurin-17.0.15\bin\server\jvm.dll
0x00007ffe00060000 - 0x00007ffe00111000 	C:\WINDOWS\System32\ADVAPI32.dll
0x00007ffdfed20000 - 0x00007ffdfedc7000 	C:\WINDOWS\System32\sechost.dll
0x00007ffdfe330000 - 0x00007ffdfe358000 	C:\WINDOWS\System32\bcrypt.dll
0x00007ffe00920000 - 0x00007ffe00a34000 	C:\WINDOWS\System32\RPCRT4.dll
0x00007ffe005a0000 - 0x00007ffe00611000 	C:\WINDOWS\System32\WS2_32.dll
0x00007ffdfdef0000 - 0x00007ffdfdf3d000 	C:\WINDOWS\SYSTEM32\POWRPROF.dll
0x00007ffdf72b0000 - 0x00007ffdf72e4000 	C:\WINDOWS\SYSTEM32\WINMM.dll
0x00007ffdef180000 - 0x00007ffdef18a000 	C:\WINDOWS\SYSTEM32\VERSION.dll
0x00007ffdfded0000 - 0x00007ffdfdee3000 	C:\WINDOWS\SYSTEM32\UMPDC.dll
0x00007ffdfd020000 - 0x00007ffdfd038000 	C:\WINDOWS\SYSTEM32\kernel.appcore.dll
0x00007ffdf7db0000 - 0x00007ffdf7dba000 	C:\Users\bennouis\.jdks\temurin-17.0.15\bin\jimage.dll
0x00007ffdf9f70000 - 0x00007ffdfa1a2000 	C:\WINDOWS\SYSTEM32\DBGHELP.DLL
0x00007ffe001f0000 - 0x00007ffe00583000 	C:\WINDOWS\System32\combase.dll
0x00007ffdfff80000 - 0x00007ffe00057000 	C:\WINDOWS\System32\OLEAUT32.dll
0x00007ffdcf560000 - 0x00007ffdcf592000 	C:\WINDOWS\SYSTEM32\dbgcore.DLL
0x00007ffdfe740000 - 0x00007ffdfe7bb000 	C:\WINDOWS\System32\bcryptPrimitives.dll
0x00007ffdf7c30000 - 0x00007ffdf7c3e000 	C:\Users\bennouis\.jdks\temurin-17.0.15\bin\instrument.dll
0x00007ffde4660000 - 0x00007ffde4685000 	C:\Users\bennouis\.jdks\temurin-17.0.15\bin\java.dll
0x00007ffdc0ec0000 - 0x00007ffdc0f97000 	C:\Users\bennouis\.jdks\temurin-17.0.15\bin\jsvml.dll
0x00007ffdff670000 - 0x00007ffdfff0d000 	C:\WINDOWS\System32\SHELL32.dll
0x00007ffdfea80000 - 0x00007ffdfebbf000 	C:\WINDOWS\System32\wintypes.dll
0x00007ffdfbf10000 - 0x00007ffdfc82d000 	C:\WINDOWS\SYSTEM32\windows.storage.dll
0x00007ffdff2d0000 - 0x00007ffdff3db000 	C:\WINDOWS\System32\SHCORE.dll
0x00007ffdff5e0000 - 0x00007ffdff646000 	C:\WINDOWS\System32\shlwapi.dll
0x00007ffdfdf50000 - 0x00007ffdfdf7b000 	C:\WINDOWS\SYSTEM32\profapi.dll
0x00007ffde41b0000 - 0x00007ffde41c9000 	C:\Users\bennouis\.jdks\temurin-17.0.15\bin\net.dll
0x00007ffdf6aa0000 - 0x00007ffdf6bcc000 	C:\WINDOWS\SYSTEM32\WINHTTP.dll
0x00007ffdfd490000 - 0x00007ffdfd4fa000 	C:\WINDOWS\system32\mswsock.dll
0x00007ffdcabf0000 - 0x00007ffdcac06000 	C:\Users\bennouis\.jdks\temurin-17.0.15\bin\nio.dll
0x00007ffdca8f0000 - 0x00007ffdca908000 	C:\Users\bennouis\.jdks\temurin-17.0.15\bin\zip.dll
0x00007ffdf7470000 - 0x00007ffdf7479000 	C:\Users\bennouis\.jdks\temurin-17.0.15\bin\extnet.dll
0x00007ffdfcb00000 - 0x00007ffdfcbf8000 	C:\WINDOWS\SYSTEM32\DNSAPI.dll
0x00007ffdfca90000 - 0x00007ffdfcabd000 	C:\WINDOWS\SYSTEM32\IPHLPAPI.DLL
0x00007ffe00620000 - 0x00007ffe00629000 	C:\WINDOWS\System32\NSI.dll
0x00007ffdee660000 - 0x00007ffdee66a000 	C:\Windows\System32\rasadhlp.dll
0x00007ffdf4430000 - 0x00007ffdf44b3000 	C:\WINDOWS\System32\fwpuclnt.dll
0x00007ffde4cb0000 - 0x00007ffde4cba000 	C:\Users\bennouis\.jdks\temurin-17.0.15\bin\management.dll
0x00007ffde4c60000 - 0x00007ffde4c6b000 	C:\Users\bennouis\.jdks\temurin-17.0.15\bin\management_ext.dll
0x00007ffe00590000 - 0x00007ffe00598000 	C:\WINDOWS\System32\PSAPI.DLL
0x00000113a9150000 - 0x00000113a9153000 	C:\Users\bennouis\Downloads\openjfx-17.0.15_windows-x64_bin-sdk\javafx-sdk-17.0.15\bin\api-ms-win-core-console-l1-1-0.dll
0x00000113cdf30000 - 0x00000113cdf33000 	C:\Users\bennouis\Downloads\openjfx-17.0.15_windows-x64_bin-sdk\javafx-sdk-17.0.15\bin\api-ms-win-core-console-l1-2-0.dll
0x00000113cdf40000 - 0x00000113cdf43000 	C:\Users\bennouis\Downloads\openjfx-17.0.15_windows-x64_bin-sdk\javafx-sdk-17.0.15\bin\api-ms-win-core-datetime-l1-1-0.dll
0x00000113cdf50000 - 0x00000113cdf53000 	C:\Users\bennouis\Downloads\openjfx-17.0.15_windows-x64_bin-sdk\javafx-sdk-17.0.15\bin\api-ms-win-core-debug-l1-1-0.dll
0x00000113cdf60000 - 0x00000113cdf63000 	C:\Users\bennouis\Downloads\openjfx-17.0.15_windows-x64_bin-sdk\javafx-sdk-17.0.15\bin\api-ms-win-core-errorhandling-l1-1-0.dll
0x00000113cdf70000 - 0x00000113cdf74000 	C:\Users\bennouis\Downloads\openjfx-17.0.15_windows-x64_bin-sdk\javafx-sdk-17.0.15\bin\api-ms-win-core-file-l1-1-0.dll
0x00000113cdf80000 - 0x00000113cdf83000 	C:\Users\bennouis\Downloads\openjfx-17.0.15_windows-x64_bin-sdk\javafx-sdk-17.0.15\bin\api-ms-win-core-file-l1-2-0.dll
0x00000113cdf90000 - 0x00000113cdf93000 	C:\Users\bennouis\Downloads\openjfx-17.0.15_windows-x64_bin-sdk\javafx-sdk-17.0.15\bin\api-ms-win-core-file-l2-1-0.dll
0x00000113cdfa0000 - 0x00000113cdfa3000 	C:\Users\bennouis\Downloads\openjfx-17.0.15_windows-x64_bin-sdk\javafx-sdk-17.0.15\bin\api-ms-win-core-handle-l1-1-0.dll
0x00007ffdfd7e0000 - 0x00007ffdfd7fb000 	C:\WINDOWS\SYSTEM32\CRYPTSP.dll
0x00007ffdfcf80000 - 0x00007ffdfcfb7000 	C:\WINDOWS\system32\rsaenh.dll
0x00000113cdfb0000 - 0x00000113cdfb3000 	C:\Users\bennouis\Downloads\openjfx-17.0.15_windows-x64_bin-sdk\javafx-sdk-17.0.15\bin\api-ms-win-core-heap-l1-1-0.dll
0x00007ffdfd530000 - 0x00007ffdfd558000 	C:\WINDOWS\SYSTEM32\USERENV.dll
0x00007ffdfd7c0000 - 0x00007ffdfd7cc000 	C:\WINDOWS\SYSTEM32\CRYPTBASE.dll
0x00000113cdfc0000 - 0x00000113cdfc3000 	C:\Users\bennouis\Downloads\openjfx-17.0.15_windows-x64_bin-sdk\javafx-sdk-17.0.15\bin\api-ms-win-core-interlocked-l1-1-0.dll
0x00000113cdfd0000 - 0x00000113cdfd3000 	C:\Users\bennouis\Downloads\openjfx-17.0.15_windows-x64_bin-sdk\javafx-sdk-17.0.15\bin\api-ms-win-core-libraryloader-l1-1-0.dll
0x00000113cdfe0000 - 0x00000113cdfe3000 	C:\Users\bennouis\Downloads\openjfx-17.0.15_windows-x64_bin-sdk\javafx-sdk-17.0.15\bin\api-ms-win-core-localization-l1-2-0.dll
0x00000113cdff0000 - 0x00000113cdff3000 	C:\Users\bennouis\Downloads\openjfx-17.0.15_windows-x64_bin-sdk\javafx-sdk-17.0.15\bin\api-ms-win-core-memory-l1-1-0.dll
0x00000114147d0000 - 0x00000114147d3000 	C:\Users\bennouis\Downloads\openjfx-17.0.15_windows-x64_bin-sdk\javafx-sdk-17.0.15\bin\api-ms-win-core-namedpipe-l1-1-0.dll
0x00000114147e0000 - 0x00000114147e3000 	C:\Users\bennouis\Downloads\openjfx-17.0.15_windows-x64_bin-sdk\javafx-sdk-17.0.15\bin\api-ms-win-core-processenvironment-l1-1-0.dll
0x00007ffdf6a80000 - 0x00007ffdf6a99000 	C:\WINDOWS\SYSTEM32\dhcpcsvc6.DLL
0x00007ffdf6a40000 - 0x00007ffdf6a5f000 	C:\WINDOWS\SYSTEM32\dhcpcsvc.DLL
0x00000114147f0000 - 0x00000114147f3000 	C:\Users\bennouis\Downloads\openjfx-17.0.15_windows-x64_bin-sdk\javafx-sdk-17.0.15\bin\api-ms-win-core-processthreads-l1-1-0.dll
0x0000011414800000 - 0x0000011414803000 	C:\Users\bennouis\Downloads\openjfx-17.0.15_windows-x64_bin-sdk\javafx-sdk-17.0.15\bin\api-ms-win-core-processthreads-l1-1-1.dll
0x0000011414810000 - 0x0000011414813000 	C:\Users\bennouis\Downloads\openjfx-17.0.15_windows-x64_bin-sdk\javafx-sdk-17.0.15\bin\api-ms-win-core-profile-l1-1-0.dll
0x0000011414820000 - 0x0000011414823000 	C:\Users\bennouis\Downloads\openjfx-17.0.15_windows-x64_bin-sdk\javafx-sdk-17.0.15\bin\api-ms-win-core-rtlsupport-l1-1-0.dll
0x0000011414830000 - 0x0000011414833000 	C:\Users\bennouis\Downloads\openjfx-17.0.15_windows-x64_bin-sdk\javafx-sdk-17.0.15\bin\api-ms-win-core-string-l1-1-0.dll
0x0000011414840000 - 0x0000011414843000 	C:\Users\bennouis\Downloads\openjfx-17.0.15_windows-x64_bin-sdk\javafx-sdk-17.0.15\bin\api-ms-win-core-synch-l1-1-0.dll
0x0000011414850000 - 0x0000011414853000 	C:\Users\bennouis\Downloads\openjfx-17.0.15_windows-x64_bin-sdk\javafx-sdk-17.0.15\bin\api-ms-win-core-synch-l1-2-0.dll
0x0000011414860000 - 0x0000011414863000 	C:\Users\bennouis\Downloads\openjfx-17.0.15_windows-x64_bin-sdk\javafx-sdk-17.0.15\bin\api-ms-win-core-sysinfo-l1-1-0.dll
0x0000011414870000 - 0x0000011414873000 	C:\Users\bennouis\Downloads\openjfx-17.0.15_windows-x64_bin-sdk\javafx-sdk-17.0.15\bin\api-ms-win-core-timezone-l1-1-0.dll
0x0000011414880000 - 0x0000011414883000 	C:\Users\bennouis\Downloads\openjfx-17.0.15_windows-x64_bin-sdk\javafx-sdk-17.0.15\bin\api-ms-win-core-util-l1-1-0.dll
0x0000011414890000 - 0x0000011414893000 	C:\Users\bennouis\Downloads\openjfx-17.0.15_windows-x64_bin-sdk\javafx-sdk-17.0.15\bin\api-ms-win-crt-conio-l1-1-0.dll
0x00000114148a0000 - 0x00000114148a4000 	C:\Users\bennouis\Downloads\openjfx-17.0.15_windows-x64_bin-sdk\javafx-sdk-17.0.15\bin\api-ms-win-crt-convert-l1-1-0.dll
0x00000114148b0000 - 0x00000114148b3000 	C:\Users\bennouis\Downloads\openjfx-17.0.15_windows-x64_bin-sdk\javafx-sdk-17.0.15\bin\api-ms-win-crt-environment-l1-1-0.dll
0x00007ffdd4ba0000 - 0x00007ffdd4bb7000 	C:\WINDOWS\system32\napinsp.dll
0x00007ffdd4b80000 - 0x00007ffdd4b9b000 	C:\WINDOWS\system32\pnrpnsp.dll
0x00007ffdd4b50000 - 0x00007ffdd4b71000 	C:\WINDOWS\system32\nlansp_c.dll
0x00007ffdd2f40000 - 0x00007ffdd2f51000 	C:\WINDOWS\System32\winrnr.dll
0x00007ffdf47f0000 - 0x00007ffdf480f000 	C:\WINDOWS\system32\wshbth.dll
0x00000114148c0000 - 0x00000114148c3000 	C:\Users\bennouis\Downloads\openjfx-17.0.15_windows-x64_bin-sdk\javafx-sdk-17.0.15\bin\api-ms-win-crt-filesystem-l1-1-0.dll
0x00000114148d0000 - 0x00000114148d3000 	C:\Users\bennouis\Downloads\openjfx-17.0.15_windows-x64_bin-sdk\javafx-sdk-17.0.15\bin\api-ms-win-crt-heap-l1-1-0.dll
0x00000114148e0000 - 0x00000114148e3000 	C:\Users\bennouis\Downloads\openjfx-17.0.15_windows-x64_bin-sdk\javafx-sdk-17.0.15\bin\api-ms-win-crt-locale-l1-1-0.dll
0x00000114148f0000 - 0x00000114148f5000 	C:\Users\bennouis\Downloads\openjfx-17.0.15_windows-x64_bin-sdk\javafx-sdk-17.0.15\bin\api-ms-win-crt-math-l1-1-0.dll
0x0000011414900000 - 0x0000011414905000 	C:\Users\bennouis\Downloads\openjfx-17.0.15_windows-x64_bin-sdk\javafx-sdk-17.0.15\bin\api-ms-win-crt-multibyte-l1-1-0.dll
0x0000011414910000 - 0x0000011414920000 	C:\Users\bennouis\Downloads\openjfx-17.0.15_windows-x64_bin-sdk\javafx-sdk-17.0.15\bin\api-ms-win-crt-private-l1-1-0.dll
0x0000011414920000 - 0x0000011414923000 	C:\Users\bennouis\Downloads\openjfx-17.0.15_windows-x64_bin-sdk\javafx-sdk-17.0.15\bin\api-ms-win-crt-process-l1-1-0.dll
0x0000011414930000 - 0x0000011414934000 	C:\Users\bennouis\Downloads\openjfx-17.0.15_windows-x64_bin-sdk\javafx-sdk-17.0.15\bin\api-ms-win-crt-runtime-l1-1-0.dll
0x0000011414940000 - 0x0000011414944000 	C:\Users\bennouis\Downloads\openjfx-17.0.15_windows-x64_bin-sdk\javafx-sdk-17.0.15\bin\api-ms-win-crt-stdio-l1-1-0.dll
0x0000011414970000 - 0x0000011414974000 	C:\Users\bennouis\Downloads\openjfx-17.0.15_windows-x64_bin-sdk\javafx-sdk-17.0.15\bin\api-ms-win-crt-string-l1-1-0.dll
0x0000011414980000 - 0x0000011414983000 	C:\Users\bennouis\Downloads\openjfx-17.0.15_windows-x64_bin-sdk\javafx-sdk-17.0.15\bin\api-ms-win-crt-time-l1-1-0.dll
0x0000011414990000 - 0x0000011414993000 	C:\Users\bennouis\Downloads\openjfx-17.0.15_windows-x64_bin-sdk\javafx-sdk-17.0.15\bin\api-ms-win-crt-utility-l1-1-0.dll
0x00007ffdc0dc0000 - 0x00007ffdc0ebc000 	C:\Users\bennouis\Downloads\openjfx-17.0.15_windows-x64_bin-sdk\javafx-sdk-17.0.15\bin\ucrtbase.dll
0x00007ffdc9e10000 - 0x00007ffdc9e2b000 	C:\Users\bennouis\Downloads\openjfx-17.0.15_windows-x64_bin-sdk\javafx-sdk-17.0.15\bin\vcruntime140.dll
0x00007ffde4650000 - 0x00007ffde465c000 	C:\Users\bennouis\Downloads\openjfx-17.0.15_windows-x64_bin-sdk\javafx-sdk-17.0.15\bin\vcruntime140_1.dll
0x00007ffdb9a60000 - 0x00007ffdb9aee000 	C:\Users\bennouis\Downloads\openjfx-17.0.15_windows-x64_bin-sdk\javafx-sdk-17.0.15\bin\msvcp140.dll
0x00007ffde41a0000 - 0x00007ffde41a9000 	C:\Users\bennouis\Downloads\openjfx-17.0.15_windows-x64_bin-sdk\javafx-sdk-17.0.15\bin\msvcp140_1.dll
0x00007ffdc8b20000 - 0x00007ffdc8b61000 	C:\Users\bennouis\Downloads\openjfx-17.0.15_windows-x64_bin-sdk\javafx-sdk-17.0.15\bin\msvcp140_2.dll
0x00007ffdc95e0000 - 0x00007ffdc960a000 	C:\Users\bennouis\Downloads\openjfx-17.0.15_windows-x64_bin-sdk\javafx-sdk-17.0.15\bin\prism_d3d.dll
0x00007ffd9ae50000 - 0x00007ffd9aff8000 	C:\WINDOWS\system32\d3d9.dll
0x00007ffdfb890000 - 0x00007ffdfb8be000 	C:\WINDOWS\SYSTEM32\dwmapi.dll
0x00007ffdfb740000 - 0x00007ffdfb777000 	C:\WINDOWS\SYSTEM32\dxcore.dll
0x00007ffdfb620000 - 0x00007ffdfb6d3000 	C:\WINDOWS\system32\uxtheme.dll
0x00007ffd9aca0000 - 0x00007ffd9ae4d000 	C:\WINDOWS\System32\DriverStore\FileRepository\iigd_dch.inf_amd64_eafa288564ed4037\igdumdim64.dll
0x00007ffdfedd0000 - 0x00007ffdfef71000 	C:\WINDOWS\System32\ole32.dll
0x00007ffd97bf0000 - 0x00007ffd9ac93000 	C:\WINDOWS\System32\DriverStore\FileRepository\iigd_dch.inf_amd64_eafa288564ed4037\igd9dxva64.dll
0x00007ffe00a70000 - 0x00007ffe00ee4000 	C:\WINDOWS\System32\SETUPAPI.dll
0x00007ffdfdc20000 - 0x00007ffdfdc6e000 	C:\WINDOWS\SYSTEM32\cfgmgr32.dll
0x00007ffdf30d0000 - 0x00007ffdf34d9000 	C:\WINDOWS\System32\DriverStore\FileRepository\iigd_dch.inf_amd64_eafa288564ed4037\igdgmm64.dll
0x00007ffdf6880000 - 0x00007ffdf68c9000 	C:\WINDOWS\SYSTEM32\directxdatabasehelper.dll
0x00007ffdd76d0000 - 0x00007ffdd7720000 	C:\WINDOWS\SYSTEM32\pdh.dll

dbghelp: loaded successfully - version: 4.0.5 - missing functions: none
symbol engine: initialized successfully - sym options: 0x614 - pdb path: .;C:\Users\bennouis\.jdks\temurin-17.0.15\bin;C:\WINDOWS\SYSTEM32;C:\WINDOWS\WinSxS\amd64_microsoft.windows.common-controls_6595b64144ccf1df_6.0.22621.5262_none_2712bde373830908;C:\Users\bennouis\.jdks\temurin-17.0.15\bin\server;C:\Users\bennouis\Downloads\openjfx-17.0.15_windows-x64_bin-sdk\javafx-sdk-17.0.15\bin;C:\WINDOWS\System32\DriverStore\FileRepository\iigd_dch.inf_amd64_eafa288564ed4037;C:\Program Files\Common Files\Microsoft Shared\Ink

VM Arguments:
jvm_args: --module-path=C:\Users\bennouis\Downloads\openjfx-17.0.15_windows-x64_bin-sdk\javafx-sdk-17.0.15\lib --add-modules=javafx.controls,javafx.fxml -javaagent:C:\Program Files\JetBrains\IntelliJ IDEA 2025.1.1.1\lib\idea_rt.jar=63571 -Dfile.encoding=UTF-8 
java_command: com.gestionnotes.MainApp
java_class_path (initial): C:\Users\bennouis\Downloads\gestion-notes(1)\project\gestion-note\target\classes;C:\Users\bennouis\.m2\repository\org\openjfx\javafx-controls\17.0.2\javafx-controls-17.0.2.jar;C:\Users\bennouis\.m2\repository\org\openjfx\javafx-controls\17.0.2\javafx-controls-17.0.2-win.jar;C:\Users\bennouis\.m2\repository\org\openjfx\javafx-graphics\17.0.2\javafx-graphics-17.0.2.jar;C:\Users\bennouis\.m2\repository\org\openjfx\javafx-graphics\17.0.2\javafx-graphics-17.0.2-win.jar;C:\Users\bennouis\.m2\repository\org\openjfx\javafx-base\17.0.2\javafx-base-17.0.2.jar;C:\Users\bennouis\.m2\repository\org\openjfx\javafx-base\17.0.2\javafx-base-17.0.2-win.jar;C:\Users\bennouis\.m2\repository\org\openjfx\javafx-fxml\17.0.2\javafx-fxml-17.0.2.jar;C:\Users\bennouis\.m2\repository\org\openjfx\javafx-fxml\17.0.2\javafx-fxml-17.0.2-win.jar;C:\Users\bennouis\.m2\repository\com\mysql\mysql-connector-j\8.0.33\mysql-connector-j-8.0.33.jar;C:\Users\bennouis\.m2\repository\com\google\protobuf\protobuf-java\3.21.9\protobuf-java-3.21.9.jar;C:\Users\bennouis\.m2\repository\org\apache\poi\poi-ooxml\5.2.3\poi-ooxml-5.2.3.jar;C:\Users\bennouis\.m2\repository\org\apache\poi\poi\5.2.3\poi-5.2.3.jar;C:\Users\bennouis\.m2\repository\commons-codec\commons-codec\1.15\commons-codec-1.15.jar;C:\Users\bennouis\.m2\repository\org\apache\commons\commons-math3\3.6.1\commons-math3-3.6.1.jar;C:\Users\bennouis\.m2\repository\com\zaxxer\SparseBitSet\1.2\SparseBitSet-1.2.jar;C:\Users\bennouis\.m2\repository\org\apache\poi\poi-ooxml-lite\5.2.3\poi-ooxml-lite-5.2.3.jar;C:\Users\bennouis\.m2\repository\org\apache\xmlbeans\xmlbeans\5.1.1\xmlbeans-5.1.1.jar;C:\Users\bennouis\.m2\repository\org\apache\commons\commons-compress\1.21\commons-compress-1.21.jar;C:\Users\bennouis\.m2\repository\commons-io\commons-io\2.11.0\commons-io-2.11.0.jar;C:\Users\bennouis\.m2\repository\com\github\virtuald\curvesapi\1.07\curvesapi-1.07.jar;C:\Users\bennouis\.m2\repository\org\apache\logging\log4j\log4j-api\2.18.0\
Launcher Type: SUN_STANDARD

[Global flags]
     intx CICompilerCount                          = 3                                         {product} {ergonomic}
     uint ConcGCThreads                            = 1                                         {product} {ergonomic}
     uint G1ConcRefinementThreads                  = 4                                         {product} {ergonomic}
   size_t G1HeapRegionSize                         = 2097152                                   {product} {ergonomic}
    uintx GCDrainStackTargetSize                   = 64                                        {product} {ergonomic}
   size_t InitialHeapSize                          = 266338304                                 {product} {ergonomic}
   size_t MarkStackSize                            = 4194304                                   {product} {ergonomic}
   size_t MaxHeapSize                              = 4255121408                                {product} {ergonomic}
   size_t MaxNewSize                               = 2552233984                                {product} {ergonomic}
   size_t MinHeapDeltaBytes                        = 2097152                                   {product} {ergonomic}
   size_t MinHeapSize                              = 8388608                                   {product} {ergonomic}
    uintx NonNMethodCodeHeapSize                   = 5832780                                {pd product} {ergonomic}
    uintx NonProfiledCodeHeapSize                  = 122912730                              {pd product} {ergonomic}
    uintx ProfiledCodeHeapSize                     = 122912730                              {pd product} {ergonomic}
    uintx ReservedCodeCacheSize                    = 251658240                              {pd product} {ergonomic}
     bool SegmentedCodeCache                       = true                                      {product} {ergonomic}
   size_t SoftMaxHeapSize                          = 4255121408                             {manageable} {ergonomic}
     bool UseCompressedClassPointers               = true                           {product lp64_product} {ergonomic}
     bool UseCompressedOops                        = true                           {product lp64_product} {ergonomic}
     bool UseG1GC                                  = true                                      {product} {ergonomic}
     bool UseLargePagesIndividualAllocation        = false                                  {pd product} {ergonomic}

Logging:
Log output configuration:
 #0: stdout all=warning uptime,level,tags
 #1: stderr all=off uptime,level,tags

Environment Variables:
PATH=C:\OracleABS\db_home\bin;C:\WINDOWS\system32;C:\WINDOWS;C:\WINDOWS\System32\Wbem;C:\WINDOWS\System32\WindowsPowerShell\v1.0\;C:\WINDOWS\System32\OpenSSH\;C:\Program Files (x86)\Bitvise SSH Client;C:\Program Files\Git\cmd;C:\Program Files\Microsoft VS Code\bin;C:\Users\bennouis\AppData\Local\Microsoft\WindowsApps;C:\Users\bennouis\AppData\Local\Programs\Windsurf\bin
USERNAME=bennouis
OS=Windows_NT
PROCESSOR_IDENTIFIER=Intel64 Family 6 Model 142 Stepping 9, GenuineIntel
TMP=C:\Users\bennouis\AppData\Local\Temp
TEMP=C:\Users\bennouis\AppData\Local\Temp



Periodic native trim disabled


---------------  S Y S T E M  ---------------

OS:
 Windows 11 , 64 bit Build 22621 (10.0.22621.5262)
OS uptime: 3 days 19:08 hours
Hyper-V role detected

CPU: total 4 (initial active 4) (2 cores per cpu, 2 threads per core) family 6 model 142 stepping 9 microcode 0xf6, cx8, cmov, fxsr, ht, mmx, 3dnowpref, sse, sse2, sse3, ssse3, sse4.1, sse4.2, popcnt, lzcnt, tsc, tscinvbit, avx, avx2, aes, erms, clmul, bmi1, bmi2, adx, fma, vzeroupper, clflush, clflushopt, hv
Processor Information for all 4 processors :
  Max Mhz: 2712, Current Mhz: 2511, Mhz Limit: 2495

Memory: 4k page, system-wide physical 16227M (678M free)
TotalPageFile size 33747M (AvailPageFile size 3M)
current process WorkingSet (physical memory assigned to process): 299M, peak: 321M
current process commit charge ("private bytes"): 322M, peak: 428M

vm_info: OpenJDK 64-Bit Server VM (17.0.15+6) for windows-amd64 JRE (17.0.15+6), built on Apr 15 2025 21:25:47 by "admin" with MS VC++ 17.7 (VS2022)

END.
